Removed Pin From Net: NetName=AVDD Pin=R21-1
Removed Pin From Net: NetName=GND Pin=R24-2
Change Component Comment : Designator=R18 Old Comment=1K New Comment=100K
Change Component Comment : Designator= Old Comment=DS0 New Comment=LED
Change Component Designator: OldDesignator= NewDesignator=1
Change Component Designator: OldDesignator=C24 NewDesignator=C26
Change Component Designator: OldDesignator=C25 NewDesignator=C27
Change Component Designator: OldDesignator=C26 NewDesignator=C28
Change Component Designator: OldDesignator=C27 NewDesignator=C29
Change Component Designator: OldDesignator=C28 NewDesignator=C30
Change Component Designator: OldDesignator=C29 NewDesignator=C31
Change Component Designator: OldDesignator=C30 NewDesignator=C32
Change Component Designator: OldDesignator=C31 NewDesignator=C33
Change Component Designator: OldDesignator=C32 NewDesignator=C34
Change Component Designator: OldDesignator=C33 NewDesignator=C35
Change Component Designator: OldDesignator=C34 NewDesignator=C36
Change Component Designator: OldDesignator=C35 NewDesignator=C37
Change Component Designator: OldDesignator=C36 NewDesignator=C38
Change Component Designator: OldDesignator=C37 NewDesignator=C39
Change Component Designator: OldDesignator=C38 NewDesignator=C40
Change Component Designator: OldDesignator=C39 NewDesignator=C41
Change Component Designator: OldDesignator=C40 NewDesignator=C42
Change Component Designator: OldDesignator=C41 NewDesignator=C43
Change Component Designator: OldDesignator=C42 NewDesignator=C44
Change Component Designator: OldDesignator=R19 NewDesignator=R20
Change Component Designator: OldDesignator=R20 NewDesignator=R21
Change Component Designator: OldDesignator=R21 NewDesignator=R22
Change Component Designator: OldDesignator=R22 NewDesignator=R23
Change Component Designator: OldDesignator=R23 NewDesignator=R24
Change Component Designator: OldDesignator=R24 NewDesignator=R25
Change Component Designator: OldDesignator=R25 NewDesignator=R26
Change Component Designator: OldDesignator=R26 NewDesignator=R27
Change Component Designator: OldDesignator=R27 NewDesignator=R29
Change Component Designator: OldDesignator=R28 NewDesignator=R30
Change Component Designator: OldDesignator=R29 NewDesignator=R31
Change Component Designator: OldDesignator=R30 NewDesignator=R32
Change Component Designator: OldDesignator=R31 NewDesignator=R33
Change Component Designator: OldDesignator=R32 NewDesignator=R34
Added Component: Designator=C24(0805)
Added Component: Designator=C25(0805)
Added Component: Designator=R19(0805)
Added Component: Designator=R28(0805)
Added Pin To Net: NetName=GND Pin=C24-2
Added Pin To Net: NetName=AVDD Pin=R19-1
Added Pin To Net: NetName=GND Pin=R28-2
Change Net Name : Old Net Name=NetC27_1 New Net Name=NetC29_1
Change Net Name : Old Net Name=NetC28_1 New Net Name=NetC30_1
Change Net Name : Old Net Name=NetC28_2 New Net Name=NetC30_2
Change Net Name : Old Net Name=NetC30_1 New Net Name=NetC32_1
Change Net Name : Old Net Name=NetC31_1 New Net Name=NetC33_1
Change Net Name : Old Net Name=NetC33_2 New Net Name=NetC35_2
Change Net Name : Old Net Name=NetPOW2_1 New Net Name=Net1_1
Change Net Name : Old Net Name=NetPOW2_2 New Net Name=Net1_2
Change Net Name : Old Net Name=NetR19_2 New Net Name=NetR20_2
Added Pin To Net: NetName=NetC24_1 Pin=C24-1
Added Pin To Net: NetName=NetC24_1 Pin=C25-2
Added Pin To Net: NetName=NetC24_1 Pin=R19-2
Added Pin To Net: NetName=NetC24_1 Pin=R22-1
Added Net: Name=NetC24_1
Added Pin To Net: NetName=NetC25_1 Pin=C25-1
Added Pin To Net: NetName=NetC25_1 Pin=R25-2
Added Pin To Net: NetName=NetC25_1 Pin=R28-1
Added Net: Name=NetC25_1
Added Member To Class: ClassName=Ant_V1_Sheet Member=Component 1 LED
Added Member To Class: ClassName=Ant_V1_Sheet Member=Component C43 104
Added Member To Class: ClassName=Ant_V1_Sheet Member=Component C44 10uF
Added Member To Class: ClassName=Ant_V1_Sheet Member=Component R33 10K
Added Member To Class: ClassName=Ant_V1_Sheet Member=Component R34 10K
